<?xml version="1.0" encoding="UTF-8"?>
<!-- Generated by org.testng.reporters.JUnitXMLReporter -->
<testsuite ignored="0" hostname="DESKTOP-90RRNRM" failures="0" tests="3" name="Default test" time="0.08" errors="0" timestamp="2022-11-15T13:01:44 IST">
  <testcase classname="tesngflag.Flag6" name="loginMethod" time="0.017"/>
  <testcase classname="tesngflag.Flag6" name="createUser" time="0.002"/>
  <testcase classname="tesngflag.Flag6" name="logoutmethod" time="0.002"/>
</testsuite> <!-- Default test -->
