<?xml version="1.0" encoding="UTF-8"?>
<testng-results ignored="0" total="3" passed="3" failed="0" skipped="0">
  <reporter-output>
    <line>
      <![CDATA[logging in....]]>
    </line>
    <line>
      <![CDATA[creating user...]]>
    </line>
    <line>
      <![CDATA[logging out....]]>
    </line>
  </reporter-output>
  <suite started-at="2022-11-15T13:01:44 IST" name="Default suite" finished-at="2022-11-15T13:01:44 IST" duration-ms="80">
    <groups>
    </groups>
    <test started-at="2022-11-15T13:01:44 IST" name="Default test" finished-at="2022-11-15T13:01:44 IST" duration-ms="80">
      <class name="tesngflag.Flag6">
        <test-method signature="loginMethod()[pri:0, instance:tesngflag.Flag6@769e7ee8]" started-at="2022-11-15T13:01:44 IST" name="loginMethod" finished-at="2022-11-15T13:01:44 IST" duration-ms="17" status="PASS">
          <reporter-output>
            <line>
              <![CDATA[logging in....]]>
            </line>
          </reporter-output>
        </test-method> <!-- loginMethod -->
        <test-method signature="createUser()[pri:0, instance:tesngflag.Flag6@769e7ee8]" started-at="2022-11-15T13:01:44 IST" name="createUser" finished-at="2022-11-15T13:01:44 IST" depends-on-methods="tesngflag.Flag6.loginMethod" duration-ms="2" status="PASS">
          <reporter-output>
            <line>
              <![CDATA[creating user...]]>
            </line>
          </reporter-output>
        </test-method> <!-- createUser -->
        <test-method signature="logoutmethod()[pri:1, instance:tesngflag.Flag6@769e7ee8]" started-at="2022-11-15T13:01:44 IST" name="logoutmethod" finished-at="2022-11-15T13:01:44 IST" duration-ms="2" status="PASS">
          <reporter-output>
            <line>
              <![CDATA[logging out....]]>
            </line>
          </reporter-output>
        </test-method> <!-- logoutmethod -->
      </class> <!-- tesngflag.Flag6 -->
    </test> <!-- Default test -->
  </suite> <!-- Default suite -->
</testng-results>
